<?xml version="1.0" encoding="utf-8"?><testsuites name="pytest tests"><testsuite name="pytest" errors="0" failures="1" skipped="0" tests="10" time="30.453" timestamp="2026-08-12T08:47:59.252921+00:00" hostname="agent-env-a68eb2d7-48bd-4684-ae28-833c883f925b"><testcase classname="tests.test_docscan_iter12.TestQualityBlocked" name="test_tiny_image_422_no_doc" time="0.402" /><testcase classname="tests.test_docscan_iter12.TestTypeMismatch" name="test_type_mismatch_present" time="11.681" /><testcase classname="tests.test_docscan_iter12.TestTypeMismatch" name="test_missing_fields_and_status" time="0.000" /><testcase classname="tests.test_docscan_iter12.TestTypeMismatch" name="test_no_vehicle_write_before_validate" time="0.043" /><testcase classname="tests.test_docscan_iter12.TestTypeMismatch" name="test_traceability_fields_on_document" time="0.051" /><testcase classname="tests.test_docscan_iter12.TestReanalyseWithDetectedType" name="test_reanalyse_clears_mismatch" time="7.007" /><testcase classname="tests.test_docscan_iter12.TestVignette" name="test_vignette_type_and_fields" time="4.982" /><testcase classname="tests.test_docscan_iter12.TestVignette" name="test_vignette_folder" time="0.051" /><testcase classname="tests.test_docscan_iter12.TestVignette" name="test_validate_vignette" time="0.047"><failure message="assert 0 &gt;= 1">tests/test_docscan_iter12.py:271: in test_validate_vignette
    assert data["applied"] &gt;= 1
E   assert 0 &gt;= 1</failure></testcase><testcase classname="tests.test_docscan_iter12.TestQualityWarning" name="test_lowres_warning_but_success" time="6.070" /></testsuite></testsuites>