<?xml version="1.0" encoding="utf-8"?><testsuites name="pytest tests"><testsuite name="pytest" errors="0" failures="1" skipped="0" tests="4" time="5.126" timestamp="2026-08-11T16:25:13.503458+00:00" hostname="agent-env-a68eb2d7-48bd-4684-ae28-833c883f925b"><testcase classname="tests.test_docscan.TestScanPermisJpg" name="test_scan_response_shape" time="4.740" /><testcase classname="tests.test_docscan.TestScanPermisJpg" name="test_scan_detected_values" time="0.000" /><testcase classname="tests.test_docscan.TestScanPermisJpg" name="test_validate_applies_only_sent_fields" time="0.090"><failure message="assert 0 &gt;= 1">tests/test_docscan.py:209: in test_validate_applies_only_sent_fields
    assert data["applied"] &gt;= 1
E   assert 0 &gt;= 1</failure></testcase><testcase classname="tests.test_docscan.TestScanPermisJpg" name="test_field_meta_and_history" time="0.194" /></testsuite></testsuites>