<?xml version="1.0" encoding="utf-8"?><testsuites name="pytest tests"><testsuite name="pytest" errors="0" failures="0" skipped="0" tests="31" time="23.273" timestamp="2026-08-12T09:51:10.073379+00:00" hostname="agent-env-a68eb2d7-48bd-4684-ae28-833c883f925b"><testcase classname="backend.tests.test_astra.TestNormalizeAndLabels" name="test_normalize_approval" time="0.000" /><testcase classname="backend.tests.test_astra.TestNormalizeAndLabels" name="test_fuel_labels" time="0.000" /><testcase classname="backend.tests.test_astra.TestNormalizeAndLabels" name="test_gearbox_label" time="0.000" /><testcase classname="backend.tests.test_astra.TestParsers" name="test_parse_tas" time="0.003" /><testcase classname="backend.tests.test_astra.TestParsers" name="test_parse_tg" time="0.001" /><testcase classname="backend.tests.test_astra.TestParsers" name="test_conso_wltp_priority_and_electric_co2" time="0.000" /><testcase classname="backend.tests.test_astra.TestParsers" name="test_variant_divergence" time="0.000" /><testcase classname="backend.tests.test_astra.TestAstraApi" name="test_status_shape" time="0.124" /><testcase classname="backend.tests.test_astra.TestAstraApi" name="test_plate_lookup_unavailable" time="0.133" /><testcase classname="backend.tests.test_astra.TestAstraApi" name="test_vin_lookup_phase3" time="0.102" /><testcase classname="backend.tests.test_astra.TestLookupAfterImport" name="test_search_known_homologation_perf" time="0.222" /><testcase classname="backend.tests.test_astra.TestLookupAfterImport" name="test_search_not_found" time="0.113" /><testcase classname="backend.tests.test_astra.TestLookupAfterImport" name="test_enrich_technical_e2e" time="0.105" /><testcase classname="backend.tests.test_astra.TestLookupAfterImport" name="test_enrich_missing_homologation_422" time="0.103" /><testcase classname="backend.tests.test_astra.TestLookupAfterImport" name="test_enrich_unknown_homologation_404" time="0.116" /><testcase classname="backend.tests.test_tech_enrich_and_scan_pdf.TestTechnicalDataStatus" name="test_status_astra" time="0.116" /><testcase classname="backend.tests.test_tech_enrich_and_scan_pdf.TestEnrichTechnicalWithoutHomologation" name="test_returns_explicit_french_error" time="0.131" /><testcase classname="backend.tests.test_tech_enrich_and_scan_pdf.TestEnrichTechnicalWithoutHomologation" name="test_returns_404_for_unknown_vehicle" time="0.098" /><testcase classname="backend.tests.test_tech_enrich_and_scan_pdf.TestEnrichApply" name="test_apply_creates_field_meta_and_audit" time="0.191" /><testcase classname="backend.tests.test_tech_enrich_and_scan_pdf.TestCanGuard" name="test_apply_does_not_overwrite_can_locked_field" time="0.060" /><testcase classname="backend.tests.test_tech_enrich_and_scan_pdf.TestScanAsPdf" name="test_two_jpegs_assembled_into_single_pdf" time="10.190" /><testcase classname="backend.tests.test_tech_enrich_and_scan_pdf.TestScanRegressionJpeg" name="test_single_image_stays_jpeg" time="10.524" /><testcase classname="backend.tests.test_config_and_report.TestConfigStatus" name="test_config_status_shape" time="0.169" /><testcase classname="backend.tests.test_config_and_report.TestConfigStatus" name="test_config_status_preview_values" time="0.097" /><testcase classname="backend.tests.test_config_and_report.TestConformityReport" name="test_headers_and_body" time="0.161" /><testcase classname="backend.tests.test_config_and_report.TestConformityReport" name="test_sections_present" time="0.008" /><testcase classname="backend.tests.test_config_and_report.TestConformityReport" name="test_all_vehicles_listed" time="0.100" /><testcase classname="backend.tests.test_config_and_report.TestConformityReport" name="test_chf_swiss_formatting" time="0.000" /><testcase classname="backend.tests.test_config_and_report.TestConformityReport" name="test_cost_remaining_matches_api" time="0.000" /><testcase classname="backend.tests.test_config_and_report.TestConformityReport" name="test_dates_match_api" time="0.000" /><testcase classname="backend.tests.test_config_and_report.TestAuditLog" name="test_download_audit_created" time="0.179" /></testsuite></testsuites>