<?xml version="1.0" encoding="utf-8"?><testsuites name="pytest tests"><testsuite name="pytest" errors="0" failures="0" skipped="0" tests="4" time="3.875" timestamp="2026-08-11T16:25:02.716816+00:00" hostname="agent-env-a68eb2d7-48bd-4684-ae28-833c883f925b"><testcase classname="tests.test_scan_failfast.TestScanFailFastNoKey" name="test_fail_fast_503_message" time="0.022" /><testcase classname="tests.test_scan_failfast.TestScanFailFastNoKey" name="test_fail_fast_before_type_validation" time="0.009" /><testcase classname="tests.test_scan_failfast.TestScanFailFastNoKey" name="test_unknown_vehicle_still_404" time="0.006" /><testcase classname="tests.test_scan_failfast.TestKeyPresent" name="test_scan_does_not_fail_fast" time="3.434" /></testsuite></testsuites>