<?xml version="1.0" encoding="utf-8"?><testsuites name="pytest tests"><testsuite name="pytest" errors="0" failures="0" skipped="0" tests="4" time="3.382" timestamp="2026-06-04T14:46:39.436900+00:00" hostname="agent-env-a68eb2d7-48bd-4684-ae28-833c883f925b"><testcase classname="backend.tests.test_alerts_ocr" name="test_alerts_list_structure" time="0.202" /><testcase classname="backend.tests.test_alerts_ocr" name="test_alerts_run_and_idempotence" time="0.098" /><testcase classname="backend.tests.test_alerts_ocr" name="test_alerts_log" time="0.092" /><testcase classname="backend.tests.test_alerts_ocr" name="test_ocr_carte_grise_extracts_plate_and_vin" time="2.878" /></testsuite></testsuites>