<?xml version="1.0" encoding="utf-8"?><testsuites name="pytest tests"><testsuite name="pytest" errors="0" failures="0" skipped="0" tests="7" time="12.413" timestamp="2026-08-11T15:48:12.352585+00:00" hostname="agent-env-a68eb2d7-48bd-4684-ae28-833c883f925b"><testcase classname="tests.test_tech_enrich_and_scan_pdf.TestTechnicalDataStatus" name="test_status_unconfigured" time="0.244" /><testcase classname="tests.test_tech_enrich_and_scan_pdf.TestEnrichTechnicalUnconfigured" name="test_returns_503_with_french_message" time="0.065" /><testcase classname="tests.test_tech_enrich_and_scan_pdf.TestEnrichTechnicalUnconfigured" name="test_returns_404_for_unknown_vehicle" time="0.067" /><testcase classname="tests.test_tech_enrich_and_scan_pdf.TestEnrichApply" name="test_apply_creates_field_meta_and_audit" time="0.273" /><testcase classname="tests.test_tech_enrich_and_scan_pdf.TestCanGuard" name="test_apply_does_not_overwrite_can_locked_field" time="0.063" /><testcase classname="tests.test_tech_enrich_and_scan_pdf.TestScanAsPdf" name="test_two_jpegs_assembled_into_single_pdf" time="8.468" /><testcase classname="tests.test_tech_enrich_and_scan_pdf.TestScanRegressionJpeg" name="test_single_image_stays_jpeg" time="3.050" /></testsuite></testsuites>