<?xml version="1.0" encoding="utf-8"?><testsuites name="pytest tests"><testsuite name="pytest" errors="0" failures="0" skipped="0" tests="9" time="1.690" timestamp="2026-06-04T07:59:10.264536+00:00" hostname="agent-env-a68eb2d7-48bd-4684-ae28-833c883f925b"><testcase classname="backend.tests.test_logitrak_api" name="test_dashboard_kpis" time="0.249" /><testcase classname="backend.tests.test_logitrak_api" name="test_list_vehicles_with_metrics" time="0.046" /><testcase classname="backend.tests.test_logitrak_api" name="test_get_vehicle_detail" time="0.099" /><testcase classname="backend.tests.test_logitrak_api" name="test_get_vehicle_404" time="0.047" /><testcase classname="backend.tests.test_logitrak_api" name="test_create_update_delete_vehicle" time="0.235" /><testcase classname="backend.tests.test_logitrak_api" name="test_upload_and_serve_roundtrip" time="0.348" /><testcase classname="backend.tests.test_logitrak_api" name="test_add_list_delete_document" time="0.362" /><testcase classname="backend.tests.test_logitrak_api" name="test_create_list_delete_inspection" time="0.181" /><testcase classname="backend.tests.test_logitrak_api" name="test_timeline" time="0.050" /></testsuite></testsuites>