<?xml version="1.0" encoding="utf-8"?><testsuites name="pytest tests"><testsuite name="pytest" errors="0" failures="0" skipped="0" tests="8" time="3.857" timestamp="2026-06-04T12:49:51.058415+00:00" hostname="agent-env-a68eb2d7-48bd-4684-ae28-833c883f925b"><testcase classname="backend.tests.test_navixy" name="test_navixy_status_connected" time="1.048" /><testcase classname="backend.tests.test_navixy" name="test_navixy_sync_imports_fleet" time="1.214" /><testcase classname="backend.tests.test_navixy" name="test_vehicle_live_for_navixy_vehicle" time="0.808" /><testcase classname="backend.tests.test_navixy" name="test_vehicle_live_for_manual_vehicle_returns_400" time="0.150" /><testcase classname="backend.tests.test_navixy" name="test_put_vehicle_recomputes_metrics" time="0.118" /><testcase classname="backend.tests.test_navixy" name="test_documents_add_and_list" time="0.367" /><testcase classname="backend.tests.test_navixy" name="test_dashboard_still_ok" time="0.045" /><testcase classname="backend.tests.test_navixy" name="test_timeline_still_ok" time="0.048" /></testsuite></testsuites>