<?xml version="1.0" encoding="utf-8"?><testsuites name="pytest tests"><testsuite name="pytest" errors="0" failures="0" skipped="0" tests="9" time="0.952" timestamp="2026-08-12T06:24:25.102462+00:00" hostname="agent-env-a68eb2d7-48bd-4684-ae28-833c883f925b"><testcase classname="backend.tests.test_config_and_report.TestConfigStatus" name="test_config_status_shape" time="0.184" /><testcase classname="backend.tests.test_config_and_report.TestConfigStatus" name="test_config_status_preview_values" time="0.099" /><testcase classname="backend.tests.test_config_and_report.TestConformityReport" name="test_headers_and_body" time="0.132" /><testcase classname="backend.tests.test_config_and_report.TestConformityReport" name="test_sections_present" time="0.008" /><testcase classname="backend.tests.test_config_and_report.TestConformityReport" name="test_all_vehicles_listed" time="0.153" /><testcase classname="backend.tests.test_config_and_report.TestConformityReport" name="test_chf_swiss_formatting" time="0.000" /><testcase classname="backend.tests.test_config_and_report.TestConformityReport" name="test_cost_remaining_matches_api" time="0.000" /><testcase classname="backend.tests.test_config_and_report.TestConformityReport" name="test_dates_match_api" time="0.000" /><testcase classname="backend.tests.test_config_and_report.TestAuditLog" name="test_download_audit_created" time="0.227" /></testsuite></testsuites>