<?xml version="1.0" encoding="utf-8"?><testsuites name="pytest tests"><testsuite name="pytest" errors="0" failures="2" skipped="0" tests="17" time="17.258" timestamp="2026-08-11T14:06:06.618437+00:00" hostname="agent-env-a68eb2d7-48bd-4684-ae28-833c883f925b"><testcase classname="backend.tests.test_docscan.TestScanErrors" name="test_unknown_vehicle_returns_404" time="0.296" /><testcase classname="backend.tests.test_docscan.TestScanErrors" name="test_no_file_returns_400" time="0.121" /><testcase classname="backend.tests.test_docscan.TestScanErrors" name="test_bad_extension_returns_400" time="0.056" /><testcase classname="backend.tests.test_docscan.TestScanPermisJpg" name="test_scan_response_shape" time="5.774" /><testcase classname="backend.tests.test_docscan.TestScanPermisJpg" name="test_scan_detected_values" time="0.000" /><testcase classname="backend.tests.test_docscan.TestScanPermisJpg" name="test_validate_applies_only_sent_fields" time="0.121" /><testcase classname="backend.tests.test_docscan.TestScanPermisJpg" name="test_field_meta_and_history" time="0.113"><failure message="AssertionError: assert ('→' in '    ' or '-&gt;' in '    ' or 'source' in '    ')&#10; +  where '    ' = &lt;built-in method lower of str object at 0xf9a14748e0f0&gt;()&#10; +    where &lt;built-in method lower of str object at 0xf9a14748e0f0&gt; = '    '.lower">backend/tests/test_docscan.py:235: in test_field_meta_and_history
    assert "→" in joined or "-&gt;" in joined or "source" in joined.lower()
E   AssertionError: assert ('→' in '    ' or '-&gt;' in '    ' or 'source' in '    ')
E    +  where '    ' = &lt;built-in method lower of str object at 0xf9a14748e0f0&gt;()
E    +    where &lt;built-in method lower of str object at 0xf9a14748e0f0&gt; = '    '.lower</failure></testcase><testcase classname="backend.tests.test_docscan.TestScanPdfAssurance" name="test_assurance_pdf_detection" time="2.596" /><testcase classname="backend.tests.test_docscan.TestScanPdfAssurance" name="test_reanalyse_with_document_id" time="2.500" /><testcase classname="backend.tests.test_docscan.TestNavixyProtection" name="test_navixy_sync_preserves_validated_vin" time="1.321" /><testcase classname="backend.tests.test_docscan.TestAlertsFromValidatedInsurance" name="test_validated_insurance_creates_alert" time="2.798" /><testcase classname="backend.tests.test_docscan.TestRegression" name="test_dashboard" time="0.055"><failure message="AssertionError: assert 'en_service' in {'assurance_renew': 7, 'controle_upcoming': 7, 'cout_assurance_annuel': 19224, 'cout_leasing_mensuel': 10660, ...}">backend/tests/test_docscan.py:347: in test_dashboard
    assert k in d
E   AssertionError: assert 'en_service' in {'assurance_renew': 7, 'controle_upcoming': 7, 'cout_assurance_annuel': 19224, 'cout_leasing_mensuel': 10660, ...}</failure></testcase><testcase classname="backend.tests.test_docscan.TestRegression" name="test_timeline" time="0.058" /><testcase classname="backend.tests.test_docscan.TestRegression" name="test_alerts" time="0.054" /><testcase classname="backend.tests.test_docscan.TestRegression" name="test_navixy_status" time="0.806" /><testcase classname="backend.tests.test_docscan.TestRegression" name="test_vehicles_list_and_get" time="0.057" /><testcase classname="backend.tests.test_docscan.TestRegression" name="test_classic_upload_still_works" time="0.401" /></testsuite></testsuites>