<?xml version="1.0" encoding="utf-8"?><testsuites name="pytest tests"><testsuite name="pytest" errors="0" failures="1" skipped="0" tests="21" time="8.233" timestamp="2026-06-04T14:46:48.360587+00:00" hostname="agent-env-a68eb2d7-48bd-4684-ae28-833c883f925b"><testcase classname="backend.tests.test_alerts_ocr" name="test_alerts_list_structure" time="0.122" /><testcase classname="backend.tests.test_alerts_ocr" name="test_alerts_run_and_idempotence" time="0.098" /><testcase classname="backend.tests.test_alerts_ocr" name="test_alerts_log" time="0.142" /><testcase classname="backend.tests.test_alerts_ocr" name="test_ocr_carte_grise_extracts_plate_and_vin" time="2.270" /><testcase classname="backend.tests.test_logitrak_api" name="test_dashboard_kpis" time="0.166"><failure message="assert 0 &gt; 0">backend/tests/test_logitrak_api.py:32: in test_dashboard_kpis
    assert data["cout_leasing_mensuel"] &gt; 0
E   assert 0 &gt; 0</failure></testcase><testcase classname="backend.tests.test_logitrak_api" name="test_list_vehicles_with_metrics" time="0.054" /><testcase classname="backend.tests.test_logitrak_api" name="test_get_vehicle_detail" time="0.112" /><testcase classname="backend.tests.test_logitrak_api" name="test_get_vehicle_404" time="0.051" /><testcase classname="backend.tests.test_logitrak_api" name="test_create_update_delete_vehicle" time="0.269" /><testcase classname="backend.tests.test_logitrak_api" name="test_upload_and_serve_roundtrip" time="0.361" /><testcase classname="backend.tests.test_logitrak_api" name="test_add_list_delete_document" time="0.458" /><testcase classname="backend.tests.test_logitrak_api" name="test_create_list_delete_inspection" time="0.219" /><testcase classname="backend.tests.test_logitrak_api" name="test_timeline" time="0.052" /><testcase classname="backend.tests.test_navixy" name="test_navixy_status_connected" time="0.961" /><testcase classname="backend.tests.test_navixy" name="test_navixy_sync_imports_fleet" time="1.198" /><testcase classname="backend.tests.test_navixy" name="test_vehicle_live_for_navixy_vehicle" time="0.799" /><testcase classname="backend.tests.test_navixy" name="test_vehicle_live_for_manual_vehicle_returns_400" time="0.162" /><testcase classname="backend.tests.test_navixy" name="test_put_vehicle_recomputes_metrics" time="0.126" /><testcase classname="backend.tests.test_navixy" name="test_documents_add_and_list" time="0.396" /><testcase classname="backend.tests.test_navixy" name="test_dashboard_still_ok" time="0.053" /><testcase classname="backend.tests.test_navixy" name="test_timeline_still_ok" time="0.059" /></testsuite></testsuites>