<?xml version="1.0" encoding="utf-8"?><testsuites name="pytest tests"><testsuite name="pytest" errors="0" failures="0" skipped="0" tests="10" time="1.171" timestamp="2026-08-12T06:46:22.207039+00:00" hostname="agent-env-a68eb2d7-48bd-4684-ae28-833c883f925b"><testcase classname="backend.tests.test_reports_csv_and_vehicle.TestCostsCSV" name="test_headers" time="0.166" /><testcase classname="backend.tests.test_reports_csv_and_vehicle.TestCostsCSV" name="test_bom_and_parse" time="0.140" /><testcase classname="backend.tests.test_reports_csv_and_vehicle.TestCostsCSV" name="test_cross_check_values" time="0.000" /><testcase classname="backend.tests.test_reports_csv_and_vehicle.TestCostsCSV" name="test_date_format_fr" time="0.000" /><testcase classname="backend.tests.test_reports_csv_and_vehicle.TestVehiclePDF" name="test_headers" time="0.142" /><testcase classname="backend.tests.test_reports_csv_and_vehicle.TestVehiclePDF" name="test_sections_present" time="0.008" /><testcase classname="backend.tests.test_reports_csv_and_vehicle.TestVehiclePDF" name="test_consumption_wltp" time="0.000" /><testcase classname="backend.tests.test_reports_csv_and_vehicle.TestVehiclePDF" name="test_history_and_documents" time="0.099" /><testcase classname="backend.tests.test_reports_csv_and_vehicle.TestVehiclePDF" name="test_not_found" time="0.129" /><testcase classname="backend.tests.test_reports_csv_and_vehicle.TestAudit" name="test_download_audit_for_csv_and_vehicle" time="0.341" /></testsuite></testsuites>