<?xml version="1.0" encoding="utf-8"?><testsuites name="pytest tests"><testsuite name="pytest" errors="0" failures="0" skipped="0" tests="4" time="6.017" timestamp="2026-09-08T15:19:30.349395+00:00" hostname="agent-env-a68eb2d7-48bd-4684-ae28-833c883f925b"><testcase classname="backend.tests.test_scan_v2_readonly" name="test_readonly_scan_forbidden" time="1.993" /><testcase classname="backend.tests.test_scan_v2_readonly" name="test_cross_tenant_scan_returns_404" time="2.259" /><testcase classname="backend.tests.test_scan_v2_readonly" name="test_scan_invalid_extension_rejected" time="0.710" /><testcase classname="backend.tests.test_scan_v2_readonly" name="test_scan_max_pages_exceeded" time="1.023" /></testsuite></testsuites>